The system is: Linux - 4.18.0-25-generic - x86_64
Compiling the C compiler identification source file "CMakeCCompilerId.c" succeeded.
Compiler: /usr/bin/cc 
Build flags: 
Id flags:  

The output was:
0


Compilation of the C compiler identification source "CMakeCCompilerId.c" produced "a.out"

The C compiler identification is GNU, found in "/home/kartik/gazebo_ws/build/CMakeFiles/3.10.2/CompilerIdC/a.out"

Compiling the CXX compiler identification source file "CMakeCXXCompilerId.cpp" succeeded.
Compiler: /usr/bin/c++ 
Build flags: 
Id flags:  

The output was:
0


Compilation of the CXX compiler identification source "CMakeCXXCompilerId.cpp" produced "a.out"

The CXX compiler identification is GNU, found in "/home/kartik/gazebo_ws/build/CMakeFiles/3.10.2/CompilerIdCXX/a.out"

Determining if the C compiler works passed with the following output:
Change Dir: /home/kartik/gazebo_ws/build/CMakeFiles/CMakeTmp

Run Build Command:"/usr/bin/make" "cmTC_03ea8/fast"
/usr/bin/make -f CMakeFiles/cmTC_03ea8.dir/build.make CMakeFiles/cmTC_03ea8.dir/build
make[1]: Entering directory '/home/kartik/gazebo_ws/build/CMakeFiles/CMakeTmp'
Building C object CMakeFiles/cmTC_03ea8.dir/testCCompiler.c.o
/usr/bin/cc    -o CMakeFiles/cmTC_03ea8.dir/testCCompiler.c.o   -c /home/kartik/gazebo_ws/build/CMakeFiles/CMakeTmp/testCCompiler.c
Linking C executable cmTC_03ea8
/usr/bin/cmake -E cmake_link_script CMakeFiles/cmTC_03ea8.dir/link.txt --verbose=1
/usr/bin/cc      -rdynamic CMakeFiles/cmTC_03ea8.dir/testCCompiler.c.o  -o cmTC_03ea8 
make[1]: Leaving directory '/home/kartik/gazebo_ws/build/CMakeFiles/CMakeTmp'


Detecting C compiler ABI info compiled with the following output:
Change Dir: /home/kartik/gazebo_ws/build/CMakeFiles/CMakeTmp

Run Build Command:"/usr/bin/make" "cmTC_1a865/fast"
/usr/bin/make -f CMakeFiles/cmTC_1a865.dir/build.make CMakeFiles/cmTC_1a865.dir/build
make[1]: Entering directory '/home/kartik/gazebo_ws/build/CMakeFiles/CMakeTmp'
Building C object CMakeFiles/cmTC_1a865.dir/CMakeCCompilerABI.c.o
/usr/bin/cc    -o CMakeFiles/cmTC_1a865.dir/CMakeCCompilerABI.c.o   -c /usr/share/cmake-3.10/Modules/CMakeCCompilerABI.c
Linking C executable cmTC_1a865
/usr/bin/cmake -E cmake_link_script CMakeFiles/cmTC_1a865.dir/link.txt --verbose=1
/usr/bin/cc     -v -rdynamic CMakeFiles/cmTC_1a865.dir/CMakeCCompilerABI.c.o  -o cmTC_1a865 
Using built-in specs.
COLLECT_GCC=/usr/bin/cc
COLLECT_LTO_WRAPPER=/usr/lib/gcc/x86_64-linux-gnu/7/lto-wrapper
OFFLOAD_TARGET_NAMES=nvptx-none
OFFLOAD_TARGET_DEFAULT=1
Target: x86_64-linux-gnu
Configured with: ../src/configure -v --with-pkgversion='Ubuntu 7.4.0-1ubuntu1~18.04.1' --with-bugurl=file:///usr/share/doc/gcc-7/README.Bugs --enable-languages=c,ada,c++,go,brig,d,fortran,objc,obj-c++ --prefix=/usr --with-gcc-major-version-only --program-suffix=-7 --program-prefix=x86_64-linux-gnu- --enable-shared --enable-linker-build-id --libexecdir=/usr/lib --without-included-gettext --enable-threads=posix --libdir=/usr/lib --enable-nls --with-sysroot=/ --enable-clocale=gnu --enable-libstdcxx-debug --enable-libstdcxx-time=yes --with-default-libstdcxx-abi=new --enable-gnu-unique-object --disable-vtable-verify --enable-libmpx --enable-plugin --enable-default-pie --with-system-zlib --with-target-system-zlib --enable-objc-gc=auto --enable-multiarch --disable-werror --with-arch-32=i686 --with-abi=m64 --with-multilib-list=m32,m64,mx32 --enable-multilib --with-tune=generic --enable-offload-targets=nvptx-none --without-cuda-driver --enable-checking=release --build=x86_64-linux-gnu --host=x86_64-linux-gnu --target=x86_64-linux-gnu
Thread model: posix
gcc version 7.4.0 (Ubuntu 7.4.0-1ubuntu1~18.04.1) 
COMPILER_PATH=/usr/lib/gcc/x86_64-linux-gnu/7/:/usr/lib/gcc/x86_64-linux-gnu/7/:/usr/lib/gcc/x86_64-linux-gnu/:/usr/lib/gcc/x86_64-linux-gnu/7/:/usr/lib/gcc/x86_64-linux-gnu/
LIBRARY_PATH=/usr/lib/gcc/x86_64-linux-gnu/7/:/usr/lib/gcc/x86_64-linux-gnu/7/../../../x86_64-linux-gnu/:/usr/lib/gcc/x86_64-linux-gnu/7/../../../../lib/:/lib/x86_64-linux-gnu/:/lib/../lib/:/usr/lib/x86_64-linux-gnu/:/usr/lib/../lib/:/usr/lib/gcc/x86_64-linux-gnu/7/../../../:/lib/:/usr/lib/
COLLECT_GCC_OPTIONS='-v' '-rdynamic' '-o' 'cmTC_1a865' '-mtune=generic' '-march=x86-64'
 /usr/lib/gcc/x86_64-linux-gnu/7/collect2 -plugin /usr/lib/gcc/x86_64-linux-gnu/7/liblto_plugin.so -plugin-opt=/usr/lib/gcc/x86_64-linux-gnu/7/lto-wrapper -plugin-opt=-fresolution=/tmp/ccpHEQJw.res -plugin-opt=-pass-through=-lgcc -plugin-opt=-pass-through=-lgcc_s -plugin-opt=-pass-through=-lc -plugin-opt=-pass-through=-lgcc -plugin-opt=-pass-through=-lgcc_s --sysroot=/ --build-id --eh-frame-hdr -m elf_x86_64 --hash-style=gnu --as-needed -export-dynamic -dynamic-linker /lib64/ld-linux-x86-64.so.2 -pie -z now -z relro -o cmTC_1a865 /usr/lib/gcc/x86_64-linux-gnu/7/../../../x86_64-linux-gnu/Scrt1.o /usr/lib/gcc/x86_64-linux-gnu/7/../../../x86_64-linux-gnu/crti.o /usr/lib/gcc/x86_64-linux-gnu/7/crtbeginS.o -L/usr/lib/gcc/x86_64-linux-gnu/7 -L/usr/lib/gcc/x86_64-linux-gnu/7/../../../x86_64-linux-gnu -L/usr/lib/gcc/x86_64-linux-gnu/7/../../../../lib -L/lib/x86_64-linux-gnu -L/lib/../lib -L/usr/lib/x86_64-linux-gnu -L/usr/lib/../lib -L/usr/lib/gcc/x86_64-linux-gnu/7/../../.. CMakeFiles/cmTC_1a865.dir/CMakeCCompilerABI.c.o -lgcc --push-state --as-needed -lgcc_s --pop-state -lc -lgcc --push-state --as-needed -lgcc_s --pop-state /usr/lib/gcc/x86_64-linux-gnu/7/crtendS.o /usr/lib/gcc/x86_64-linux-gnu/7/../../../x86_64-linux-gnu/crtn.o
COLLECT_GCC_OPTIONS='-v' '-rdynamic' '-o' 'cmTC_1a865' '-mtune=generic' '-march=x86-64'
make[1]: Leaving directory '/home/kartik/gazebo_ws/build/CMakeFiles/CMakeTmp'


Parsed C implicit link information from above output:
  link line regex: [^( *|.*[/\])(ld|CMAKE_LINK_STARTFILE-NOTFOUND|([^/\]+-)?ld|collect2)[^/\]*( |$)]
  ignore line: [Change Dir: /home/kartik/gazebo_ws/build/CMakeFiles/CMakeTmp]
  ignore line: []
  ignore line: [Run Build Command:"/usr/bin/make" "cmTC_1a865/fast"]
  ignore line: [/usr/bin/make -f CMakeFiles/cmTC_1a865.dir/build.make CMakeFiles/cmTC_1a865.dir/build]
  ignore line: [make[1]: Entering directory '/home/kartik/gazebo_ws/build/CMakeFiles/CMakeTmp']
  ignore line: [Building C object CMakeFiles/cmTC_1a865.dir/CMakeCCompilerABI.c.o]
  ignore line: [/usr/bin/cc    -o CMakeFiles/cmTC_1a865.dir/CMakeCCompilerABI.c.o   -c /usr/share/cmake-3.10/Modules/CMakeCCompilerABI.c]
  ignore line: [Linking C executable cmTC_1a865]
  ignore line: [/usr/bin/cmake -E cmake_link_script CMakeFiles/cmTC_1a865.dir/link.txt --verbose=1]
  ignore line: [/usr/bin/cc     -v -rdynamic CMakeFiles/cmTC_1a865.dir/CMakeCCompilerABI.c.o  -o cmTC_1a865 ]
  ignore line: [Using built-in specs.]
  ignore line: [COLLECT_GCC=/usr/bin/cc]
  ignore line: [COLLECT_LTO_WRAPPER=/usr/lib/gcc/x86_64-linux-gnu/7/lto-wrapper]
  ignore line: [OFFLOAD_TARGET_NAMES=nvptx-none]
  ignore line: [OFFLOAD_TARGET_DEFAULT=1]
  ignore line: [Target: x86_64-linux-gnu]
  ignore line: [Configured with: ../src/configure -v --with-pkgversion='Ubuntu 7.4.0-1ubuntu1~18.04.1' --with-bugurl=file:///usr/share/doc/gcc-7/README.Bugs --enable-languages=c,ada,c++,go,brig,d,fortran,objc,obj-c++ --prefix=/usr --with-gcc-major-version-only --program-suffix=-7 --program-prefix=x86_64-linux-gnu- --enable-shared --enable-linker-build-id --libexecdir=/usr/lib --without-included-gettext --enable-threads=posix --libdir=/usr/lib --enable-nls --with-sysroot=/ --enable-clocale=gnu --enable-libstdcxx-debug --enable-libstdcxx-time=yes --with-default-libstdcxx-abi=new --enable-gnu-unique-object --disable-vtable-verify --enable-libmpx --enable-plugin --enable-default-pie --with-system-zlib --with-target-system-zlib --enable-objc-gc=auto --enable-multiarch --disable-werror --with-arch-32=i686 --with-abi=m64 --with-multilib-list=m32,m64,mx32 --enable-multilib --with-tune=generic --enable-offload-targets=nvptx-none --without-cuda-driver --enable-checking=release --build=x86_64-linux-gnu --host=x86_64-linux-gnu --target=x86_64-linux-gnu]
  ignore line: [Thread model: posix]
  ignore line: [gcc version 7.4.0 (Ubuntu 7.4.0-1ubuntu1~18.04.1) ]
  ignore line: [COMPILER_PATH=/usr/lib/gcc/x86_64-linux-gnu/7/:/usr/lib/gcc/x86_64-linux-gnu/7/:/usr/lib/gcc/x86_64-linux-gnu/:/usr/lib/gcc/x86_64-linux-gnu/7/:/usr/lib/gcc/x86_64-linux-gnu/]
  ignore line: [LIBRARY_PATH=/usr/lib/gcc/x86_64-linux-gnu/7/:/usr/lib/gcc/x86_64-linux-gnu/7/../../../x86_64-linux-gnu/:/usr/lib/gcc/x86_64-linux-gnu/7/../../../../lib/:/lib/x86_64-linux-gnu/:/lib/../lib/:/usr/lib/x86_64-linux-gnu/:/usr/lib/../lib/:/usr/lib/gcc/x86_64-linux-gnu/7/../../../:/lib/:/usr/lib/]
  ignore line: [COLLECT_GCC_OPTIONS='-v' '-rdynamic' '-o' 'cmTC_1a865' '-mtune=generic' '-march=x86-64']
  link line: [ /usr/lib/gcc/x86_64-linux-gnu/7/collect2 -plugin /usr/lib/gcc/x86_64-linux-gnu/7/liblto_plugin.so -plugin-opt=/usr/lib/gcc/x86_64-linux-gnu/7/lto-wrapper -plugin-opt=-fresolution=/tmp/ccpHEQJw.res -plugin-opt=-pass-through=-lgcc -plugin-opt=-pass-through=-lgcc_s -plugin-opt=-pass-through=-lc -plugin-opt=-pass-through=-lgcc -plugin-opt=-pass-through=-lgcc_s --sysroot=/ --build-id --eh-frame-hdr -m elf_x86_64 --hash-style=gnu --as-needed -export-dynamic -dynamic-linker /lib64/ld-linux-x86-64.so.2 -pie -z now -z relro -o cmTC_1a865 /usr/lib/gcc/x86_64-linux-gnu/7/../../../x86_64-linux-gnu/Scrt1.o /usr/lib/gcc/x86_64-linux-gnu/7/../../../x86_64-linux-gnu/crti.o /usr/lib/gcc/x86_64-linux-gnu/7/crtbeginS.o -L/usr/lib/gcc/x86_64-linux-gnu/7 -L/usr/lib/gcc/x86_64-linux-gnu/7/../../../x86_64-linux-gnu -L/usr/lib/gcc/x86_64-linux-gnu/7/../../../../lib -L/lib/x86_64-linux-gnu -L/lib/../lib -L/usr/lib/x86_64-linux-gnu -L/usr/lib/../lib -L/usr/lib/gcc/x86_64-linux-gnu/7/../../.. CMakeFiles/cmTC_1a865.dir/CMakeCCompilerABI.c.o -lgcc --push-state --as-needed -lgcc_s --pop-state -lc -lgcc --push-state --as-needed -lgcc_s --pop-state /usr/lib/gcc/x86_64-linux-gnu/7/crtendS.o /usr/lib/gcc/x86_64-linux-gnu/7/../../../x86_64-linux-gnu/crtn.o]
    arg [/usr/lib/gcc/x86_64-linux-gnu/7/collect2] ==> ignore
    arg [-plugin] ==> ignore
    arg [/usr/lib/gcc/x86_64-linux-gnu/7/liblto_plugin.so] ==> ignore
    arg [-plugin-opt=/usr/lib/gcc/x86_64-linux-gnu/7/lto-wrapper] ==> ignore
    arg [-plugin-opt=-fresolution=/tmp/ccpHEQJw.res] ==> ignore
    arg [-plugin-opt=-pass-through=-lgcc] ==> ignore
    arg [-plugin-opt=-pass-through=-lgcc_s] ==> ignore
    arg [-plugin-opt=-pass-through=-lc] ==> ignore
    arg [-plugin-opt=-pass-through=-lgcc] ==> ignore
    arg [-plugin-opt=-pass-through=-lgcc_s] ==> ignore
    arg [--sysroot=/] ==> ignore
    arg [--build-id] ==> ignore
    arg [--eh-frame-hdr] ==> ignore
    arg [-m] ==> ignore
    arg [elf_x86_64] ==> ignore
    arg [--hash-style=gnu] ==> ignore
    arg [--as-needed] ==> ignore
    arg [-export-dynamic] ==> ignore
    arg [-dynamic-linker] ==> ignore
    arg [/lib64/ld-linux-x86-64.so.2] ==> ignore
    arg [-pie] ==> ignore
    arg [-znow] ==> ignore
    arg [-zrelro] ==> ignore
    arg [-o] ==> ignore
    arg [cmTC_1a865] ==> ignore
    arg [/usr/lib/gcc/x86_64-linux-gnu/7/../../../x86_64-linux-gnu/Scrt1.o] ==> ignore
    arg [/usr/lib/gcc/x86_64-linux-gnu/7/../../../x86_64-linux-gnu/crti.o] ==> ignore
    arg [/usr/lib/gcc/x86_64-linux-gnu/7/crtbeginS.o] ==> ignore
    arg [-L/usr/lib/gcc/x86_64-linux-gnu/7] ==> dir [/usr/lib/gcc/x86_64-linux-gnu/7]
    arg [-L/usr/lib/gcc/x86_64-linux-gnu/7/../../../x86_64-linux-gnu] ==> dir [/usr/lib/gcc/x86_64-linux-gnu/7/../../../x86_64-linux-gnu]
    arg [-L/usr/lib/gcc/x86_64-linux-gnu/7/../../../../lib] ==> dir [/usr/lib/gcc/x86_64-linux-gnu/7/../../../../lib]
    arg [-L/lib/x86_64-linux-gnu] ==> dir [/lib/x86_64-linux-gnu]
    arg [-L/lib/../lib] ==> dir [/lib/../lib]
    arg [-L/usr/lib/x86_64-linux-gnu] ==> dir [/usr/lib/x86_64-linux-gnu]
    arg [-L/usr/lib/../lib] ==> dir [/usr/lib/../lib]
    arg [-L/usr/lib/gcc/x86_64-linux-gnu/7/../../..] ==> dir [/usr/lib/gcc/x86_64-linux-gnu/7/../../..]
    arg [CMakeFiles/cmTC_1a865.dir/CMakeCCompilerABI.c.o] ==> ignore
    arg [-lgcc] ==> lib [gcc]
    arg [--push-state] ==> ignore
    arg [--as-needed] ==> ignore
    arg [-lgcc_s] ==> lib [gcc_s]
    arg [--pop-state] ==> ignore
    arg [-lc] ==> lib [c]
    arg [-lgcc] ==> lib [gcc]
    arg [--push-state] ==> ignore
    arg [--as-needed] ==> ignore
    arg [-lgcc_s] ==> lib [gcc_s]
    arg [--pop-state] ==> ignore
    arg [/usr/lib/gcc/x86_64-linux-gnu/7/crtendS.o] ==> ignore
    arg [/usr/lib/gcc/x86_64-linux-gnu/7/../../../x86_64-linux-gnu/crtn.o] ==> ignore
  collapse library dir [/usr/lib/gcc/x86_64-linux-gnu/7] ==> [/usr/lib/gcc/x86_64-linux-gnu/7]
  collapse library dir [/usr/lib/gcc/x86_64-linux-gnu/7/../../../x86_64-linux-gnu] ==> [/usr/lib/x86_64-linux-gnu]
  collapse library dir [/usr/lib/gcc/x86_64-linux-gnu/7/../../../../lib] ==> [/usr/lib]
  collapse library dir [/lib/x86_64-linux-gnu] ==> [/lib/x86_64-linux-gnu]
  collapse library dir [/lib/../lib] ==> [/lib]
  collapse library dir [/usr/lib/x86_64-linux-gnu] ==> [/usr/lib/x86_64-linux-gnu]
  collapse library dir [/usr/lib/../lib] ==> [/usr/lib]
  collapse library dir [/usr/lib/gcc/x86_64-linux-gnu/7/../../..] ==> [/usr/lib]
  implicit libs: [gcc;gcc_s;c;gcc;gcc_s]
  implicit dirs: [/usr/lib/gcc/x86_64-linux-gnu/7;/usr/lib/x86_64-linux-gnu;/usr/lib;/lib/x86_64-linux-gnu;/lib]
  implicit fwks: []




Detecting C [-std=c11] compiler features compiled with the following output:
Change Dir: /home/kartik/gazebo_ws/build/CMakeFiles/CMakeTmp

Run Build Command:"/usr/bin/make" "cmTC_4d193/fast"
/usr/bin/make -f CMakeFiles/cmTC_4d193.dir/build.make CMakeFiles/cmTC_4d193.dir/build
make[1]: Entering directory '/home/kartik/gazebo_ws/build/CMakeFiles/CMakeTmp'
Building C object CMakeFiles/cmTC_4d193.dir/feature_tests.c.o
/usr/bin/cc   -std=c11 -o CMakeFiles/cmTC_4d193.dir/feature_tests.c.o   -c /home/kartik/gazebo_ws/build/CMakeFiles/feature_tests.c
Linking C executable cmTC_4d193
/usr/bin/cmake -E cmake_link_script CMakeFiles/cmTC_4d193.dir/link.txt --verbose=1
/usr/bin/cc      -rdynamic CMakeFiles/cmTC_4d193.dir/feature_tests.c.o  -o cmTC_4d193 
make[1]: Leaving directory '/home/kartik/gazebo_ws/build/CMakeFiles/CMakeTmp'


    Feature record: C_FEATURE:1c_function_prototypes
    Feature record: C_FEATURE:1c_restrict
    Feature record: C_FEATURE:1c_static_assert
    Feature record: C_FEATURE:1c_variadic_macros


Detecting C [-std=c99] compiler features compiled with the following output:
Change Dir: /home/kartik/gazebo_ws/build/CMakeFiles/CMakeTmp

Run Build Command:"/usr/bin/make" "cmTC_409ae/fast"
/usr/bin/make -f CMakeFiles/cmTC_409ae.dir/build.make CMakeFiles/cmTC_409ae.dir/build
make[1]: Entering directory '/home/kartik/gazebo_ws/build/CMakeFiles/CMakeTmp'
Building C object CMakeFiles/cmTC_409ae.dir/feature_tests.c.o
/usr/bin/cc   -std=c99 -o CMakeFiles/cmTC_409ae.dir/feature_tests.c.o   -c /home/kartik/gazebo_ws/build/CMakeFiles/feature_tests.c
Linking C executable cmTC_409ae
/usr/bin/cmake -E cmake_link_script CMakeFiles/cmTC_409ae.dir/link.txt --verbose=1
/usr/bin/cc      -rdynamic CMakeFiles/cmTC_409ae.dir/feature_tests.c.o  -o cmTC_409ae 
make[1]: Leaving directory '/home/kartik/gazebo_ws/build/CMakeFiles/CMakeTmp'


    Feature record: C_FEATURE:1c_function_prototypes
    Feature record: C_FEATURE:1c_restrict
    Feature record: C_FEATURE:0c_static_assert
    Feature record: C_FEATURE:1c_variadic_macros


Detecting C [-std=c90] compiler features compiled with the following output:
Change Dir: /home/kartik/gazebo_ws/build/CMakeFiles/CMakeTmp

Run Build Command:"/usr/bin/make" "cmTC_7ef6e/fast"
/usr/bin/make -f CMakeFiles/cmTC_7ef6e.dir/build.make CMakeFiles/cmTC_7ef6e.dir/build
make[1]: Entering directory '/home/kartik/gazebo_ws/build/CMakeFiles/CMakeTmp'
Building C object CMakeFiles/cmTC_7ef6e.dir/feature_tests.c.o
/usr/bin/cc   -std=c90 -o CMakeFiles/cmTC_7ef6e.dir/feature_tests.c.o   -c /home/kartik/gazebo_ws/build/CMakeFiles/feature_tests.c
Linking C executable cmTC_7ef6e
/usr/bin/cmake -E cmake_link_script CMakeFiles/cmTC_7ef6e.dir/link.txt --verbose=1
/usr/bin/cc      -rdynamic CMakeFiles/cmTC_7ef6e.dir/feature_tests.c.o  -o cmTC_7ef6e 
make[1]: Leaving directory '/home/kartik/gazebo_ws/build/CMakeFiles/CMakeTmp'


    Feature record: C_FEATURE:1c_function_prototypes
    Feature record: C_FEATURE:0c_restrict
    Feature record: C_FEATURE:0c_static_assert
    Feature record: C_FEATURE:0c_variadic_macros
Determining if the CXX compiler works passed with the following output:
Change Dir: /home/kartik/gazebo_ws/build/CMakeFiles/CMakeTmp

Run Build Command:"/usr/bin/make" "cmTC_394f1/fast"
/usr/bin/make -f CMakeFiles/cmTC_394f1.dir/build.make CMakeFiles/cmTC_394f1.dir/build
make[1]: Entering directory '/home/kartik/gazebo_ws/build/CMakeFiles/CMakeTmp'
Building CXX object CMakeFiles/cmTC_394f1.dir/testCXXCompiler.cxx.o
/usr/bin/c++     -o CMakeFiles/cmTC_394f1.dir/testCXXCompiler.cxx.o -c /home/kartik/gazebo_ws/build/CMakeFiles/CMakeTmp/testCXXCompiler.cxx
Linking CXX executable cmTC_394f1
/usr/bin/cmake -E cmake_link_script CMakeFiles/cmTC_394f1.dir/link.txt --verbose=1
/usr/bin/c++       -rdynamic CMakeFiles/cmTC_394f1.dir/testCXXCompiler.cxx.o  -o cmTC_394f1 
make[1]: Leaving directory '/home/kartik/gazebo_ws/build/CMakeFiles/CMakeTmp'


Detecting CXX compiler ABI info compiled with the following output:
Change Dir: /home/kartik/gazebo_ws/build/CMakeFiles/CMakeTmp

Run Build Command:"/usr/bin/make" "cmTC_c6c23/fast"
/usr/bin/make -f CMakeFiles/cmTC_c6c23.dir/build.make CMakeFiles/cmTC_c6c23.dir/build
make[1]: Entering directory '/home/kartik/gazebo_ws/build/CMakeFiles/CMakeTmp'
Building CXX object CMakeFiles/cmTC_c6c23.dir/CMakeCXXCompilerABI.cpp.o
/usr/bin/c++     -o CMakeFiles/cmTC_c6c23.dir/CMakeCXXCompilerABI.cpp.o -c /usr/share/cmake-3.10/Modules/CMakeCXXCompilerABI.cpp
Linking CXX executable cmTC_c6c23
/usr/bin/cmake -E cmake_link_script CMakeFiles/cmTC_c6c23.dir/link.txt --verbose=1
/usr/bin/c++      -v -rdynamic CMakeFiles/cmTC_c6c23.dir/CMakeCXXCompilerABI.cpp.o  -o cmTC_c6c23 
Using built-in specs.
COLLECT_GCC=/usr/bin/c++
COLLECT_LTO_WRAPPER=/usr/lib/gcc/x86_64-linux-gnu/7/lto-wrapper
OFFLOAD_TARGET_NAMES=nvptx-none
OFFLOAD_TARGET_DEFAULT=1
Target: x86_64-linux-gnu
Configured with: ../src/configure -v --with-pkgversion='Ubuntu 7.4.0-1ubuntu1~18.04.1' --with-bugurl=file:///usr/share/doc/gcc-7/README.Bugs --enable-languages=c,ada,c++,go,brig,d,fortran,objc,obj-c++ --prefix=/usr --with-gcc-major-version-only --program-suffix=-7 --program-prefix=x86_64-linux-gnu- --enable-shared --enable-linker-build-id --libexecdir=/usr/lib --without-included-gettext --enable-threads=posix --libdir=/usr/lib --enable-nls --with-sysroot=/ --enable-clocale=gnu --enable-libstdcxx-debug --enable-libstdcxx-time=yes --with-default-libstdcxx-abi=new --enable-gnu-unique-object --disable-vtable-verify --enable-libmpx --enable-plugin --enable-default-pie --with-system-zlib --with-target-system-zlib --enable-objc-gc=auto --enable-multiarch --disable-werror --with-arch-32=i686 --with-abi=m64 --with-multilib-list=m32,m64,mx32 --enable-multilib --with-tune=generic --enable-offload-targets=nvptx-none --without-cuda-driver --enable-checking=release --build=x86_64-linux-gnu --host=x86_64-linux-gnu --target=x86_64-linux-gnu
Thread model: posix
gcc version 7.4.0 (Ubuntu 7.4.0-1ubuntu1~18.04.1) 
COMPILER_PATH=/usr/lib/gcc/x86_64-linux-gnu/7/:/usr/lib/gcc/x86_64-linux-gnu/7/:/usr/lib/gcc/x86_64-linux-gnu/:/usr/lib/gcc/x86_64-linux-gnu/7/:/usr/lib/gcc/x86_64-linux-gnu/
LIBRARY_PATH=/usr/lib/gcc/x86_64-linux-gnu/7/:/usr/lib/gcc/x86_64-linux-gnu/7/../../../x86_64-linux-gnu/:/usr/lib/gcc/x86_64-linux-gnu/7/../../../../lib/:/lib/x86_64-linux-gnu/:/lib/../lib/:/usr/lib/x86_64-linux-gnu/:/usr/lib/../lib/:/usr/lib/gcc/x86_64-linux-gnu/7/../../../:/lib/:/usr/lib/
COLLECT_GCC_OPTIONS='-v' '-rdynamic' '-o' 'cmTC_c6c23' '-shared-libgcc' '-mtune=generic' '-march=x86-64'
 /usr/lib/gcc/x86_64-linux-gnu/7/collect2 -plugin /usr/lib/gcc/x86_64-linux-gnu/7/liblto_plugin.so -plugin-opt=/usr/lib/gcc/x86_64-linux-gnu/7/lto-wrapper -plugin-opt=-fresolution=/tmp/ccw8J3q2.res -plugin-opt=-pass-through=-lgcc_s -plugin-opt=-pass-through=-lgcc -plugin-opt=-pass-through=-lc -plugin-opt=-pass-through=-lgcc_s -plugin-opt=-pass-through=-lgcc --sysroot=/ --build-id --eh-frame-hdr -m elf_x86_64 --hash-style=gnu --as-needed -export-dynamic -dynamic-linker /lib64/ld-linux-x86-64.so.2 -pie -z now -z relro -o cmTC_c6c23 /usr/lib/gcc/x86_64-linux-gnu/7/../../../x86_64-linux-gnu/Scrt1.o /usr/lib/gcc/x86_64-linux-gnu/7/../../../x86_64-linux-gnu/crti.o /usr/lib/gcc/x86_64-linux-gnu/7/crtbeginS.o -L/usr/lib/gcc/x86_64-linux-gnu/7 -L/usr/lib/gcc/x86_64-linux-gnu/7/../../../x86_64-linux-gnu -L/usr/lib/gcc/x86_64-linux-gnu/7/../../../../lib -L/lib/x86_64-linux-gnu -L/lib/../lib -L/usr/lib/x86_64-linux-gnu -L/usr/lib/../lib -L/usr/lib/gcc/x86_64-linux-gnu/7/../../.. CMakeFiles/cmTC_c6c23.dir/CMakeCXXCompilerABI.cpp.o -lstdc++ -lm -lgcc_s -lgcc -lc -lgcc_s -lgcc /usr/lib/gcc/x86_64-linux-gnu/7/crtendS.o /usr/lib/gcc/x86_64-linux-gnu/7/../../../x86_64-linux-gnu/crtn.o
COLLECT_GCC_OPTIONS='-v' '-rdynamic' '-o' 'cmTC_c6c23' '-shared-libgcc' '-mtune=generic' '-march=x86-64'
make[1]: Leaving directory '/home/kartik/gazebo_ws/build/CMakeFiles/CMakeTmp'


Parsed CXX implicit link information from above output:
  link line regex: [^( *|.*[/\])(ld|CMAKE_LINK_STARTFILE-NOTFOUND|([^/\]+-)?ld|collect2)[^/\]*( |$)]
  ignore line: [Change Dir: /home/kartik/gazebo_ws/build/CMakeFiles/CMakeTmp]
  ignore line: []
  ignore line: [Run Build Command:"/usr/bin/make" "cmTC_c6c23/fast"]
  ignore line: [/usr/bin/make -f CMakeFiles/cmTC_c6c23.dir/build.make CMakeFiles/cmTC_c6c23.dir/build]
  ignore line: [make[1]: Entering directory '/home/kartik/gazebo_ws/build/CMakeFiles/CMakeTmp']
  ignore line: [Building CXX object CMakeFiles/cmTC_c6c23.dir/CMakeCXXCompilerABI.cpp.o]
  ignore line: [/usr/bin/c++     -o CMakeFiles/cmTC_c6c23.dir/CMakeCXXCompilerABI.cpp.o -c /usr/share/cmake-3.10/Modules/CMakeCXXCompilerABI.cpp]
  ignore line: [Linking CXX executable cmTC_c6c23]
  ignore line: [/usr/bin/cmake -E cmake_link_script CMakeFiles/cmTC_c6c23.dir/link.txt --verbose=1]
  ignore line: [/usr/bin/c++      -v -rdynamic CMakeFiles/cmTC_c6c23.dir/CMakeCXXCompilerABI.cpp.o  -o cmTC_c6c23 ]
  ignore line: [Using built-in specs.]
  ignore line: [COLLECT_GCC=/usr/bin/c++]
  ignore line: [COLLECT_LTO_WRAPPER=/usr/lib/gcc/x86_64-linux-gnu/7/lto-wrapper]
  ignore line: [OFFLOAD_TARGET_NAMES=nvptx-none]
  ignore line: [OFFLOAD_TARGET_DEFAULT=1]
  ignore line: [Target: x86_64-linux-gnu]
  ignore line: [Configured with: ../src/configure -v --with-pkgversion='Ubuntu 7.4.0-1ubuntu1~18.04.1' --with-bugurl=file:///usr/share/doc/gcc-7/README.Bugs --enable-languages=c,ada,c++,go,brig,d,fortran,objc,obj-c++ --prefix=/usr --with-gcc-major-version-only --program-suffix=-7 --program-prefix=x86_64-linux-gnu- --enable-shared --enable-linker-build-id --libexecdir=/usr/lib --without-included-gettext --enable-threads=posix --libdir=/usr/lib --enable-nls --with-sysroot=/ --enable-clocale=gnu --enable-libstdcxx-debug --enable-libstdcxx-time=yes --with-default-libstdcxx-abi=new --enable-gnu-unique-object --disable-vtable-verify --enable-libmpx --enable-plugin --enable-default-pie --with-system-zlib --with-target-system-zlib --enable-objc-gc=auto --enable-multiarch --disable-werror --with-arch-32=i686 --with-abi=m64 --with-multilib-list=m32,m64,mx32 --enable-multilib --with-tune=generic --enable-offload-targets=nvptx-none --without-cuda-driver --enable-checking=release --build=x86_64-linux-gnu --host=x86_64-linux-gnu --target=x86_64-linux-gnu]
  ignore line: [Thread model: posix]
  ignore line: [gcc version 7.4.0 (Ubuntu 7.4.0-1ubuntu1~18.04.1) ]
  ignore line: [COMPILER_PATH=/usr/lib/gcc/x86_64-linux-gnu/7/:/usr/lib/gcc/x86_64-linux-gnu/7/:/usr/lib/gcc/x86_64-linux-gnu/:/usr/lib/gcc/x86_64-linux-gnu/7/:/usr/lib/gcc/x86_64-linux-gnu/]
  ignore line: [LIBRARY_PATH=/usr/lib/gcc/x86_64-linux-gnu/7/:/usr/lib/gcc/x86_64-linux-gnu/7/../../../x86_64-linux-gnu/:/usr/lib/gcc/x86_64-linux-gnu/7/../../../../lib/:/lib/x86_64-linux-gnu/:/lib/../lib/:/usr/lib/x86_64-linux-gnu/:/usr/lib/../lib/:/usr/lib/gcc/x86_64-linux-gnu/7/../../../:/lib/:/usr/lib/]
  ignore line: [COLLECT_GCC_OPTIONS='-v' '-rdynamic' '-o' 'cmTC_c6c23' '-shared-libgcc' '-mtune=generic' '-march=x86-64']
  link line: [ /usr/lib/gcc/x86_64-linux-gnu/7/collect2 -plugin /usr/lib/gcc/x86_64-linux-gnu/7/liblto_plugin.so -plugin-opt=/usr/lib/gcc/x86_64-linux-gnu/7/lto-wrapper -plugin-opt=-fresolution=/tmp/ccw8J3q2.res -plugin-opt=-pass-through=-lgcc_s -plugin-opt=-pass-through=-lgcc -plugin-opt=-pass-through=-lc -plugin-opt=-pass-through=-lgcc_s -plugin-opt=-pass-through=-lgcc --sysroot=/ --build-id --eh-frame-hdr -m elf_x86_64 --hash-style=gnu --as-needed -export-dynamic -dynamic-linker /lib64/ld-linux-x86-64.so.2 -pie -z now -z relro -o cmTC_c6c23 /usr/lib/gcc/x86_64-linux-gnu/7/../../../x86_64-linux-gnu/Scrt1.o /usr/lib/gcc/x86_64-linux-gnu/7/../../../x86_64-linux-gnu/crti.o /usr/lib/gcc/x86_64-linux-gnu/7/crtbeginS.o -L/usr/lib/gcc/x86_64-linux-gnu/7 -L/usr/lib/gcc/x86_64-linux-gnu/7/../../../x86_64-linux-gnu -L/usr/lib/gcc/x86_64-linux-gnu/7/../../../../lib -L/lib/x86_64-linux-gnu -L/lib/../lib -L/usr/lib/x86_64-linux-gnu -L/usr/lib/../lib -L/usr/lib/gcc/x86_64-linux-gnu/7/../../.. CMakeFiles/cmTC_c6c23.dir/CMakeCXXCompilerABI.cpp.o -lstdc++ -lm -lgcc_s -lgcc -lc -lgcc_s -lgcc /usr/lib/gcc/x86_64-linux-gnu/7/crtendS.o /usr/lib/gcc/x86_64-linux-gnu/7/../../../x86_64-linux-gnu/crtn.o]
    arg [/usr/lib/gcc/x86_64-linux-gnu/7/collect2] ==> ignore
    arg [-plugin] ==> ignore
    arg [/usr/lib/gcc/x86_64-linux-gnu/7/liblto_plugin.so] ==> ignore
    arg [-plugin-opt=/usr/lib/gcc/x86_64-linux-gnu/7/lto-wrapper] ==> ignore
    arg [-plugin-opt=-fresolution=/tmp/ccw8J3q2.res] ==> ignore
    arg [-plugin-opt=-pass-through=-lgcc_s] ==> ignore
    arg [-plugin-opt=-pass-through=-lgcc] ==> ignore
    arg [-plugin-opt=-pass-through=-lc] ==> ignore
    arg [-plugin-opt=-pass-through=-lgcc_s] ==> ignore
    arg [-plugin-opt=-pass-through=-lgcc] ==> ignore
    arg [--sysroot=/] ==> ignore
    arg [--build-id] ==> ignore
    arg [--eh-frame-hdr] ==> ignore
    arg [-m] ==> ignore
    arg [elf_x86_64] ==> ignore
    arg [--hash-style=gnu] ==> ignore
    arg [--as-needed] ==> ignore
    arg [-export-dynamic] ==> ignore
    arg [-dynamic-linker] ==> ignore
    arg [/lib64/ld-linux-x86-64.so.2] ==> ignore
    arg [-pie] ==> ignore
    arg [-znow] ==> ignore
    arg [-zrelro] ==> ignore
    arg [-o] ==> ignore
    arg [cmTC_c6c23] ==> ignore
    arg [/usr/lib/gcc/x86_64-linux-gnu/7/../../../x86_64-linux-gnu/Scrt1.o] ==> ignore
    arg [/usr/lib/gcc/x86_64-linux-gnu/7/../../../x86_64-linux-gnu/crti.o] ==> ignore
    arg [/usr/lib/gcc/x86_64-linux-gnu/7/crtbeginS.o] ==> ignore
    arg [-L/usr/lib/gcc/x86_64-linux-gnu/7] ==> dir [/usr/lib/gcc/x86_64-linux-gnu/7]
    arg [-L/usr/lib/gcc/x86_64-linux-gnu/7/../../../x86_64-linux-gnu] ==> dir [/usr/lib/gcc/x86_64-linux-gnu/7/../../../x86_64-linux-gnu]
    arg [-L/usr/lib/gcc/x86_64-linux-gnu/7/../../../../lib] ==> dir [/usr/lib/gcc/x86_64-linux-gnu/7/../../../../lib]
    arg [-L/lib/x86_64-linux-gnu] ==> dir [/lib/x86_64-linux-gnu]
    arg [-L/lib/../lib] ==> dir [/lib/../lib]
    arg [-L/usr/lib/x86_64-linux-gnu] ==> dir [/usr/lib/x86_64-linux-gnu]
    arg [-L/usr/lib/../lib] ==> dir [/usr/lib/../lib]
    arg [-L/usr/lib/gcc/x86_64-linux-gnu/7/../../..] ==> dir [/usr/lib/gcc/x86_64-linux-gnu/7/../../..]
    arg [CMakeFiles/cmTC_c6c23.dir/CMakeCXXCompilerABI.cpp.o] ==> ignore
    arg [-lstdc++] ==> lib [stdc++]
    arg [-lm] ==> lib [m]
    arg [-lgcc_s] ==> lib [gcc_s]
    arg [-lgcc] ==> lib [gcc]
    arg [-lc] ==> lib [c]
    arg [-lgcc_s] ==> lib [gcc_s]
    arg [-lgcc] ==> lib [gcc]
    arg [/usr/lib/gcc/x86_64-linux-gnu/7/crtendS.o] ==> ignore
    arg [/usr/lib/gcc/x86_64-linux-gnu/7/../../../x86_64-linux-gnu/crtn.o] ==> ignore
  collapse library dir [/usr/lib/gcc/x86_64-linux-gnu/7] ==> [/usr/lib/gcc/x86_64-linux-gnu/7]
  collapse library dir [/usr/lib/gcc/x86_64-linux-gnu/7/../../../x86_64-linux-gnu] ==> [/usr/lib/x86_64-linux-gnu]
  collapse library dir [/usr/lib/gcc/x86_64-linux-gnu/7/../../../../lib] ==> [/usr/lib]
  collapse library dir [/lib/x86_64-linux-gnu] ==> [/lib/x86_64-linux-gnu]
  collapse library dir [/lib/../lib] ==> [/lib]
  collapse library dir [/usr/lib/x86_64-linux-gnu] ==> [/usr/lib/x86_64-linux-gnu]
  collapse library dir [/usr/lib/../lib] ==> [/usr/lib]
  collapse library dir [/usr/lib/gcc/x86_64-linux-gnu/7/../../..] ==> [/usr/lib]
  implicit libs: [stdc++;m;gcc_s;gcc;c;gcc_s;gcc]
  implicit dirs: [/usr/lib/gcc/x86_64-linux-gnu/7;/usr/lib/x86_64-linux-gnu;/usr/lib;/lib/x86_64-linux-gnu;/lib]
  implicit fwks: []




Detecting CXX [-std=c++1z] compiler features compiled with the following output:
Change Dir: /home/kartik/gazebo_ws/build/CMakeFiles/CMakeTmp

Run Build Command:"/usr/bin/make" "cmTC_1d695/fast"
/usr/bin/make -f CMakeFiles/cmTC_1d695.dir/build.make CMakeFiles/cmTC_1d695.dir/build
make[1]: Entering directory '/home/kartik/gazebo_ws/build/CMakeFiles/CMakeTmp'
Building CXX object CMakeFiles/cmTC_1d695.dir/feature_tests.cxx.o
/usr/bin/c++    -std=c++1z -o CMakeFiles/cmTC_1d695.dir/feature_tests.cxx.o -c /home/kartik/gazebo_ws/build/CMakeFiles/feature_tests.cxx
Linking CXX executable cmTC_1d695
/usr/bin/cmake -E cmake_link_script CMakeFiles/cmTC_1d695.dir/link.txt --verbose=1
/usr/bin/c++       -rdynamic CMakeFiles/cmTC_1d695.dir/feature_tests.cxx.o  -o cmTC_1d695 
make[1]: Leaving directory '/home/kartik/gazebo_ws/build/CMakeFiles/CMakeTmp'


    Feature record: CXX_FEATURE:1cxx_aggregate_default_initializers
    Feature record: CXX_FEATURE:1cxx_alias_templates
    Feature record: CXX_FEATURE:1cxx_alignas
    Feature record: CXX_FEATURE:1cxx_alignof
    Feature record: CXX_FEATURE:1cxx_attributes
    Feature record: CXX_FEATURE:1cxx_attribute_deprecated
    Feature record: CXX_FEATURE:1cxx_auto_type
    Feature record: CXX_FEATURE:1cxx_binary_literals
    Feature record: CXX_FEATURE:1cxx_constexpr
    Feature record: CXX_FEATURE:1cxx_contextual_conversions
    Feature record: CXX_FEATURE:1cxx_decltype
    Feature record: CXX_FEATURE:1cxx_decltype_auto
    Feature record: CXX_FEATURE:1cxx_decltype_incomplete_return_types
    Feature record: CXX_FEATURE:1cxx_default_function_template_args
    Feature record: CXX_FEATURE:1cxx_defaulted_functions
    Feature record: CXX_FEATURE:1cxx_defaulted_move_initializers
    Feature record: CXX_FEATURE:1cxx_delegating_constructors
    Feature record: CXX_FEATURE:1cxx_deleted_functions
    Feature record: CXX_FEATURE:1cxx_digit_separators
    Feature record: CXX_FEATURE:1cxx_enum_forward_declarations
    Feature record: CXX_FEATURE:1cxx_explicit_conversions
    Feature record: CXX_FEATURE:1cxx_extended_friend_declarations
    Feature record: CXX_FEATURE:1cxx_extern_templates
    Feature record: CXX_FEATURE:1cxx_final
    Feature record: CXX_FEATURE:1cxx_func_identifier
    Feature record: CXX_FEATURE:1cxx_generalized_initializers
    Feature record: CXX_FEATURE:1cxx_generic_lambdas
    Feature record: CXX_FEATURE:1cxx_inheriting_constructors
    Feature record: CXX_FEATURE:1cxx_inline_namespaces
    Feature record: CXX_FEATURE:1cxx_lambdas
    Feature record: CXX_FEATURE:1cxx_lambda_init_captures
    Feature record: CXX_FEATURE:1cxx_local_type_template_args
    Feature record: CXX_FEATURE:1cxx_long_long_type
    Feature record: CXX_FEATURE:1cxx_noexcept
    Feature record: CXX_FEATURE:1cxx_nonstatic_member_init
    Feature record: CXX_FEATURE:1cxx_nullptr
    Feature record: CXX_FEATURE:1cxx_override
    Feature record: CXX_FEATURE:1cxx_range_for
    Feature record: CXX_FEATURE:1cxx_raw_string_literals
    Feature record: CXX_FEATURE:1cxx_reference_qualified_functions
    Feature record: CXX_FEATURE:1cxx_relaxed_constexpr
    Feature record: CXX_FEATURE:1cxx_return_type_deduction
    Feature record: CXX_FEATURE:1cxx_right_angle_brackets
    Feature record: CXX_FEATURE:1cxx_rvalue_references
    Feature record: CXX_FEATURE:1cxx_sizeof_member
    Feature record: CXX_FEATURE:1cxx_static_assert
    Feature record: CXX_FEATURE:1cxx_strong_enums
    Feature record: CXX_FEATURE:1cxx_template_template_parameters
    Feature record: CXX_FEATURE:1cxx_thread_local
    Feature record: CXX_FEATURE:1cxx_trailing_return_types
    Feature record: CXX_FEATURE:1cxx_unicode_literals
    Feature record: CXX_FEATURE:1cxx_uniform_initialization
    Feature record: CXX_FEATURE:1cxx_unrestricted_unions
    Feature record: CXX_FEATURE:1cxx_user_literals
    Feature record: CXX_FEATURE:1cxx_variable_templates
    Feature record: CXX_FEATURE:1cxx_variadic_macros
    Feature record: CXX_FEATURE:1cxx_variadic_templates


Detecting CXX [-std=c++14] compiler features compiled with the following output:
Change Dir: /home/kartik/gazebo_ws/build/CMakeFiles/CMakeTmp

Run Build Command:"/usr/bin/make" "cmTC_bcf89/fast"
/usr/bin/make -f CMakeFiles/cmTC_bcf89.dir/build.make CMakeFiles/cmTC_bcf89.dir/build
make[1]: Entering directory '/home/kartik/gazebo_ws/build/CMakeFiles/CMakeTmp'
Building CXX object CMakeFiles/cmTC_bcf89.dir/feature_tests.cxx.o
/usr/bin/c++    -std=c++14 -o CMakeFiles/cmTC_bcf89.dir/feature_tests.cxx.o -c /home/kartik/gazebo_ws/build/CMakeFiles/feature_tests.cxx
Linking CXX executable cmTC_bcf89
/usr/bin/cmake -E cmake_link_script CMakeFiles/cmTC_bcf89.dir/link.txt --verbose=1
/usr/bin/c++       -rdynamic CMakeFiles/cmTC_bcf89.dir/feature_tests.cxx.o  -o cmTC_bcf89 
make[1]: Leaving directory '/home/kartik/gazebo_ws/build/CMakeFiles/CMakeTmp'


    Feature record: CXX_FEATURE:1cxx_aggregate_default_initializers
    Feature record: CXX_FEATURE:1cxx_alias_templates
    Feature record: CXX_FEATURE:1cxx_alignas
    Feature record: CXX_FEATURE:1cxx_alignof
    Feature record: CXX_FEATURE:1cxx_attributes
    Feature record: CXX_FEATURE:1cxx_attribute_deprecated
    Feature record: CXX_FEATURE:1cxx_auto_type
    Feature record: CXX_FEATURE:1cxx_binary_literals
    Feature record: CXX_FEATURE:1cxx_constexpr
    Feature record: CXX_FEATURE:1cxx_contextual_conversions
    Feature record: CXX_FEATURE:1cxx_decltype
    Feature record: CXX_FEATURE:1cxx_decltype_auto
    Feature record: CXX_FEATURE:1cxx_decltype_incomplete_return_types
    Feature record: CXX_FEATURE:1cxx_default_function_template_args
    Feature record: CXX_FEATURE:1cxx_defaulted_functions
    Feature record: CXX_FEATURE:1cxx_defaulted_move_initializers
    Feature record: CXX_FEATURE:1cxx_delegating_constructors
    Feature record: CXX_FEATURE:1cxx_deleted_functions
    Feature record: CXX_FEATURE:1cxx_digit_separators
    Feature record: CXX_FEATURE:1cxx_enum_forward_declarations
    Feature record: CXX_FEATURE:1cxx_explicit_conversions
    Feature record: CXX_FEATURE:1cxx_extended_friend_declarations
    Feature record: CXX_FEATURE:1cxx_extern_templates
    Feature record: CXX_FEATURE:1cxx_final
    Feature record: CXX_FEATURE:1cxx_func_identifier
    Feature record: CXX_FEATURE:1cxx_generalized_initializers
    Feature record: CXX_FEATURE:1cxx_generic_lambdas
    Feature record: CXX_FEATURE:1cxx_inheriting_constructors
    Feature record: CXX_FEATURE:1cxx_inline_namespaces
    Feature record: CXX_FEATURE:1cxx_lambdas
    Feature record: CXX_FEATURE:1cxx_lambda_init_captures
    Feature record: CXX_FEATURE:1cxx_local_type_template_args
    Feature record: CXX_FEATURE:1cxx_long_long_type
    Feature record: CXX_FEATURE:1cxx_noexcept
    Feature record: CXX_FEATURE:1cxx_nonstatic_member_init
    Feature record: CXX_FEATURE:1cxx_nullptr
    Feature record: CXX_FEATURE:1cxx_override
    Feature record: CXX_FEATURE:1cxx_range_for
    Feature record: CXX_FEATURE:1cxx_raw_string_literals
    Feature record: CXX_FEATURE:1cxx_reference_qualified_functions
    Feature record: CXX_FEATURE:1cxx_relaxed_constexpr
    Feature record: CXX_FEATURE:1cxx_return_type_deduction
    Feature record: CXX_FEATURE:1cxx_right_angle_brackets
    Feature record: CXX_FEATURE:1cxx_rvalue_references
    Feature record: CXX_FEATURE:1cxx_sizeof_member
    Feature record: CXX_FEATURE:1cxx_static_assert
    Feature record: CXX_FEATURE:1cxx_strong_enums
    Feature record: CXX_FEATURE:1cxx_template_template_parameters
    Feature record: CXX_FEATURE:1cxx_thread_local
    Feature record: CXX_FEATURE:1cxx_trailing_return_types
    Feature record: CXX_FEATURE:1cxx_unicode_literals
    Feature record: CXX_FEATURE:1cxx_uniform_initialization
    Feature record: CXX_FEATURE:1cxx_unrestricted_unions
    Feature record: CXX_FEATURE:1cxx_user_literals
    Feature record: CXX_FEATURE:1cxx_variable_templates
    Feature record: CXX_FEATURE:1cxx_variadic_macros
    Feature record: CXX_FEATURE:1cxx_variadic_templates


Detecting CXX [-std=c++11] compiler features compiled with the following output:
Change Dir: /home/kartik/gazebo_ws/build/CMakeFiles/CMakeTmp

Run Build Command:"/usr/bin/make" "cmTC_d63f5/fast"
/usr/bin/make -f CMakeFiles/cmTC_d63f5.dir/build.make CMakeFiles/cmTC_d63f5.dir/build
make[1]: Entering directory '/home/kartik/gazebo_ws/build/CMakeFiles/CMakeTmp'
Building CXX object CMakeFiles/cmTC_d63f5.dir/feature_tests.cxx.o
/usr/bin/c++    -std=c++11 -o CMakeFiles/cmTC_d63f5.dir/feature_tests.cxx.o -c /home/kartik/gazebo_ws/build/CMakeFiles/feature_tests.cxx
Linking CXX executable cmTC_d63f5
/usr/bin/cmake -E cmake_link_script CMakeFiles/cmTC_d63f5.dir/link.txt --verbose=1
/usr/bin/c++       -rdynamic CMakeFiles/cmTC_d63f5.dir/feature_tests.cxx.o  -o cmTC_d63f5 
make[1]: Leaving directory '/home/kartik/gazebo_ws/build/CMakeFiles/CMakeTmp'


    Feature record: CXX_FEATURE:0cxx_aggregate_default_initializers
    Feature record: CXX_FEATURE:1cxx_alias_templates
    Feature record: CXX_FEATURE:1cxx_alignas
    Feature record: CXX_FEATURE:1cxx_alignof
    Feature record: CXX_FEATURE:1cxx_attributes
    Feature record: CXX_FEATURE:0cxx_attribute_deprecated
    Feature record: CXX_FEATURE:1cxx_auto_type
    Feature record: CXX_FEATURE:0cxx_binary_literals
    Feature record: CXX_FEATURE:1cxx_constexpr
    Feature record: CXX_FEATURE:0cxx_contextual_conversions
    Feature record: CXX_FEATURE:1cxx_decltype
    Feature record: CXX_FEATURE:0cxx_decltype_auto
    Feature record: CXX_FEATURE:1cxx_decltype_incomplete_return_types
    Feature record: CXX_FEATURE:1cxx_default_function_template_args
    Feature record: CXX_FEATURE:1cxx_defaulted_functions
    Feature record: CXX_FEATURE:1cxx_defaulted_move_initializers
    Feature record: CXX_FEATURE:1cxx_delegating_constructors
    Feature record: CXX_FEATURE:1cxx_deleted_functions
    Feature record: CXX_FEATURE:0cxx_digit_separators
    Feature record: CXX_FEATURE:1cxx_enum_forward_declarations
    Feature record: CXX_FEATURE:1cxx_explicit_conversions
    Feature record: CXX_FEATURE:1cxx_extended_friend_declarations
    Feature record: CXX_FEATURE:1cxx_extern_templates
    Feature record: CXX_FEATURE:1cxx_final
    Feature record: CXX_FEATURE:1cxx_func_identifier
    Feature record: CXX_FEATURE:1cxx_generalized_initializers
    Feature record: CXX_FEATURE:0cxx_generic_lambdas
    Feature record: CXX_FEATURE:1cxx_inheriting_constructors
    Feature record: CXX_FEATURE:1cxx_inline_namespaces
    Feature record: CXX_FEATURE:1cxx_lambdas
    Feature record: CXX_FEATURE:0cxx_lambda_init_captures
    Feature record: CXX_FEATURE:1cxx_local_type_template_args
    Feature record: CXX_FEATURE:1cxx_long_long_type
    Feature record: CXX_FEATURE:1cxx_noexcept
    Feature record: CXX_FEATURE:1cxx_nonstatic_member_init
    Feature record: CXX_FEATURE:1cxx_nullptr
    Feature record: CXX_FEATURE:1cxx_override
    Feature record: CXX_FEATURE:1cxx_range_for
    Feature record: CXX_FEATURE:1cxx_raw_string_literals
    Feature record: CXX_FEATURE:1cxx_reference_qualified_functions
    Feature record: CXX_FEATURE:0cxx_relaxed_constexpr
    Feature record: CXX_FEATURE:0cxx_return_type_deduction
    Feature record: CXX_FEATURE:1cxx_right_angle_brackets
    Feature record: CXX_FEATURE:1cxx_rvalue_references
    Feature record: CXX_FEATURE:1cxx_sizeof_member
    Feature record: CXX_FEATURE:1cxx_static_assert
    Feature record: CXX_FEATURE:1cxx_strong_enums
    Feature record: CXX_FEATURE:1cxx_template_template_parameters
    Feature record: CXX_FEATURE:1cxx_thread_local
    Feature record: CXX_FEATURE:1cxx_trailing_return_types
    Feature record: CXX_FEATURE:1cxx_unicode_literals
    Feature record: CXX_FEATURE:1cxx_uniform_initialization
    Feature record: CXX_FEATURE:1cxx_unrestricted_unions
    Feature record: CXX_FEATURE:1cxx_user_literals
    Feature record: CXX_FEATURE:0cxx_variable_templates
    Feature record: CXX_FEATURE:1cxx_variadic_macros
    Feature record: CXX_FEATURE:1cxx_variadic_templates


Detecting CXX [-std=c++98] compiler features compiled with the following output:
Change Dir: /home/kartik/gazebo_ws/build/CMakeFiles/CMakeTmp

Run Build Command:"/usr/bin/make" "cmTC_f0c64/fast"
/usr/bin/make -f CMakeFiles/cmTC_f0c64.dir/build.make CMakeFiles/cmTC_f0c64.dir/build
make[1]: Entering directory '/home/kartik/gazebo_ws/build/CMakeFiles/CMakeTmp'
Building CXX object CMakeFiles/cmTC_f0c64.dir/feature_tests.cxx.o
/usr/bin/c++    -std=c++98 -o CMakeFiles/cmTC_f0c64.dir/feature_tests.cxx.o -c /home/kartik/gazebo_ws/build/CMakeFiles/feature_tests.cxx
Linking CXX executable cmTC_f0c64
/usr/bin/cmake -E cmake_link_script CMakeFiles/cmTC_f0c64.dir/link.txt --verbose=1
/usr/bin/c++       -rdynamic CMakeFiles/cmTC_f0c64.dir/feature_tests.cxx.o  -o cmTC_f0c64 
make[1]: Leaving directory '/home/kartik/gazebo_ws/build/CMakeFiles/CMakeTmp'


    Feature record: CXX_FEATURE:0cxx_aggregate_default_initializers
    Feature record: CXX_FEATURE:0cxx_alias_templates
    Feature record: CXX_FEATURE:0cxx_alignas
    Feature record: CXX_FEATURE:0cxx_alignof
    Feature record: CXX_FEATURE:0cxx_attributes
    Feature record: CXX_FEATURE:0cxx_attribute_deprecated
    Feature record: CXX_FEATURE:0cxx_auto_type
    Feature record: CXX_FEATURE:0cxx_binary_literals
    Feature record: CXX_FEATURE:0cxx_constexpr
    Feature record: CXX_FEATURE:0cxx_contextual_conversions
    Feature record: CXX_FEATURE:0cxx_decltype
    Feature record: CXX_FEATURE:0cxx_decltype_auto
    Feature record: CXX_FEATURE:0cxx_decltype_incomplete_return_types
    Feature record: CXX_FEATURE:0cxx_default_function_template_args
    Feature record: CXX_FEATURE:0cxx_defaulted_functions
    Feature record: CXX_FEATURE:0cxx_defaulted_move_initializers
    Feature record: CXX_FEATURE:0cxx_delegating_constructors
    Feature record: CXX_FEATURE:0cxx_deleted_functions
    Feature record: CXX_FEATURE:0cxx_digit_separators
    Feature record: CXX_FEATURE:0cxx_enum_forward_declarations
    Feature record: CXX_FEATURE:0cxx_explicit_conversions
    Feature record: CXX_FEATURE:0cxx_extended_friend_declarations
    Feature record: CXX_FEATURE:0cxx_extern_templates
    Feature record: CXX_FEATURE:0cxx_final
    Feature record: CXX_FEATURE:0cxx_func_identifier
    Feature record: CXX_FEATURE:0cxx_generalized_initializers
    Feature record: CXX_FEATURE:0cxx_generic_lambdas
    Feature record: CXX_FEATURE:0cxx_inheriting_constructors
    Feature record: CXX_FEATURE:0cxx_inline_namespaces
    Feature record: CXX_FEATURE:0cxx_lambdas
    Feature record: CXX_FEATURE:0cxx_lambda_init_captures
    Feature record: CXX_FEATURE:0cxx_local_type_template_args
    Feature record: CXX_FEATURE:0cxx_long_long_type
    Feature record: CXX_FEATURE:0cxx_noexcept
    Feature record: CXX_FEATURE:0cxx_nonstatic_member_init
    Feature record: CXX_FEATURE:0cxx_nullptr
    Feature record: CXX_FEATURE:0cxx_override
    Feature record: CXX_FEATURE:0cxx_range_for
    Feature record: CXX_FEATURE:0cxx_raw_string_literals
    Feature record: CXX_FEATURE:0cxx_reference_qualified_functions
    Feature record: CXX_FEATURE:0cxx_relaxed_constexpr
    Feature record: CXX_FEATURE:0cxx_return_type_deduction
    Feature record: CXX_FEATURE:0cxx_right_angle_brackets
    Feature record: CXX_FEATURE:0cxx_rvalue_references
    Feature record: CXX_FEATURE:0cxx_sizeof_member
    Feature record: CXX_FEATURE:0cxx_static_assert
    Feature record: CXX_FEATURE:0cxx_strong_enums
    Feature record: CXX_FEATURE:1cxx_template_template_parameters
    Feature record: CXX_FEATURE:0cxx_thread_local
    Feature record: CXX_FEATURE:0cxx_trailing_return_types
    Feature record: CXX_FEATURE:0cxx_unicode_literals
    Feature record: CXX_FEATURE:0cxx_uniform_initialization
    Feature record: CXX_FEATURE:0cxx_unrestricted_unions
    Feature record: CXX_FEATURE:0cxx_user_literals
    Feature record: CXX_FEATURE:0cxx_variable_templates
    Feature record: CXX_FEATURE:0cxx_variadic_macros
    Feature record: CXX_FEATURE:0cxx_variadic_templates
Determining if the include file pthread.h exists passed with the following output:
Change Dir: /home/kartik/gazebo_ws/build/CMakeFiles/CMakeTmp

Run Build Command:"/usr/bin/make" "cmTC_9df23/fast"
/usr/bin/make -f CMakeFiles/cmTC_9df23.dir/build.make CMakeFiles/cmTC_9df23.dir/build
make[1]: Entering directory '/home/kartik/gazebo_ws/build/CMakeFiles/CMakeTmp'
Building C object CMakeFiles/cmTC_9df23.dir/CheckIncludeFile.c.o
/usr/bin/cc    -o CMakeFiles/cmTC_9df23.dir/CheckIncludeFile.c.o   -c /home/kartik/gazebo_ws/build/CMakeFiles/CMakeTmp/CheckIncludeFile.c
Linking C executable cmTC_9df23
/usr/bin/cmake -E cmake_link_script CMakeFiles/cmTC_9df23.dir/link.txt --verbose=1
/usr/bin/cc      -rdynamic CMakeFiles/cmTC_9df23.dir/CheckIncludeFile.c.o  -o cmTC_9df23 
make[1]: Leaving directory '/home/kartik/gazebo_ws/build/CMakeFiles/CMakeTmp'


Determining if the function pthread_create exists in the pthread passed with the following output:
Change Dir: /home/kartik/gazebo_ws/build/CMakeFiles/CMakeTmp

Run Build Command:"/usr/bin/make" "cmTC_279e3/fast"
/usr/bin/make -f CMakeFiles/cmTC_279e3.dir/build.make CMakeFiles/cmTC_279e3.dir/build
make[1]: Entering directory '/home/kartik/gazebo_ws/build/CMakeFiles/CMakeTmp'
Building C object CMakeFiles/cmTC_279e3.dir/CheckFunctionExists.c.o
/usr/bin/cc   -DCHECK_FUNCTION_EXISTS=pthread_create   -o CMakeFiles/cmTC_279e3.dir/CheckFunctionExists.c.o   -c /usr/share/cmake-3.10/Modules/CheckFunctionExists.c
Linking C executable cmTC_279e3
/usr/bin/cmake -E cmake_link_script CMakeFiles/cmTC_279e3.dir/link.txt --verbose=1
/usr/bin/cc  -DCHECK_FUNCTION_EXISTS=pthread_create    -rdynamic CMakeFiles/cmTC_279e3.dir/CheckFunctionExists.c.o  -o cmTC_279e3 -lpthread 
make[1]: Leaving directory '/home/kartik/gazebo_ws/build/CMakeFiles/CMakeTmp'


The target system is: Linux - 4.18.0-25-generic - x86_64
The host system is: Linux - 5.0.0-36-generic - x86_64
The target system is: Linux - 4.18.0-25-generic - x86_64
The host system is: Linux - 5.0.0-36-generic - x86_64
The target system is: Linux - 4.18.0-25-generic - x86_64
The host system is: Linux - 5.0.0-36-generic - x86_64
The target system is: Linux - 4.18.0-25-generic - x86_64
The host system is: Linux - 5.0.0-36-generic - x86_64
Performing C++ SOURCE FILE Test COMPILER_SUPPORTS_CXX11 succeeded with the following output:
Change Dir: /home/kartik/gazebo_ws/build/CMakeFiles/CMakeTmp

Run Build Command:"/usr/bin/make" "cmTC_8c704/fast"
/usr/bin/make -f CMakeFiles/cmTC_8c704.dir/build.make CMakeFiles/cmTC_8c704.dir/build
make[1]: Entering directory '/home/kartik/gazebo_ws/build/CMakeFiles/CMakeTmp'
Building CXX object CMakeFiles/cmTC_8c704.dir/src.cxx.o
/usr/bin/c++    -DCOMPILER_SUPPORTS_CXX11   -std=c++11 -o CMakeFiles/cmTC_8c704.dir/src.cxx.o -c /home/kartik/gazebo_ws/build/CMakeFiles/CMakeTmp/src.cxx
Linking CXX executable cmTC_8c704
/usr/bin/cmake -E cmake_link_script CMakeFiles/cmTC_8c704.dir/link.txt --verbose=1
/usr/bin/c++   -DCOMPILER_SUPPORTS_CXX11    -rdynamic CMakeFiles/cmTC_8c704.dir/src.cxx.o  -o cmTC_8c704 
make[1]: Leaving directory '/home/kartik/gazebo_ws/build/CMakeFiles/CMakeTmp'

Source file was:
int main() { return 0; }
The target system is: Linux - 4.18.0-25-generic - x86_64
The host system is: Linux - 5.0.0-36-generic - x86_64
Performing C++ SOURCE FILE Test COMPILER_SUPPORTS_CXX11 succeeded with the following output:
Change Dir: /home/kartik/gazebo_ws/build/CMakeFiles/CMakeTmp

Run Build Command:"/usr/bin/make" "cmTC_efd10/fast"
/usr/bin/make -f CMakeFiles/cmTC_efd10.dir/build.make CMakeFiles/cmTC_efd10.dir/build
make[1]: Entering directory '/home/kartik/gazebo_ws/build/CMakeFiles/CMakeTmp'
Building CXX object CMakeFiles/cmTC_efd10.dir/src.cxx.o
/usr/bin/c++    -DCOMPILER_SUPPORTS_CXX11   -std=c++11 -o CMakeFiles/cmTC_efd10.dir/src.cxx.o -c /home/kartik/gazebo_ws/build/CMakeFiles/CMakeTmp/src.cxx
Linking CXX executable cmTC_efd10
/usr/bin/cmake -E cmake_link_script CMakeFiles/cmTC_efd10.dir/link.txt --verbose=1
/usr/bin/c++   -DCOMPILER_SUPPORTS_CXX11    -rdynamic CMakeFiles/cmTC_efd10.dir/src.cxx.o  -o cmTC_efd10 
make[1]: Leaving directory '/home/kartik/gazebo_ws/build/CMakeFiles/CMakeTmp'

Source file was:
int main() { return 0; }
The target system is: Linux - 4.18.0-25-generic - x86_64
The host system is: Linux - 5.0.0-36-generic - x86_64
Performing C++ SOURCE FILE Test COMPILER_SUPPORTS_CXX11 succeeded with the following output:
Change Dir: /home/kartik/gazebo_ws/build/CMakeFiles/CMakeTmp

Run Build Command:"/usr/bin/make" "cmTC_b6016/fast"
/usr/bin/make -f CMakeFiles/cmTC_b6016.dir/build.make CMakeFiles/cmTC_b6016.dir/build
make[1]: Entering directory '/home/kartik/gazebo_ws/build/CMakeFiles/CMakeTmp'
Building CXX object CMakeFiles/cmTC_b6016.dir/src.cxx.o
/usr/bin/c++    -DCOMPILER_SUPPORTS_CXX11   -std=c++11 -o CMakeFiles/cmTC_b6016.dir/src.cxx.o -c /home/kartik/gazebo_ws/build/CMakeFiles/CMakeTmp/src.cxx
Linking CXX executable cmTC_b6016
/usr/bin/cmake -E cmake_link_script CMakeFiles/cmTC_b6016.dir/link.txt --verbose=1
/usr/bin/c++   -DCOMPILER_SUPPORTS_CXX11    -rdynamic CMakeFiles/cmTC_b6016.dir/src.cxx.o  -o cmTC_b6016 
make[1]: Leaving directory '/home/kartik/gazebo_ws/build/CMakeFiles/CMakeTmp'

Source file was:
int main() { return 0; }
The target system is: Linux - 4.18.0-25-generic - x86_64
The host system is: Linux - 5.0.0-36-generic - x86_64
Determining if the include file unistd.h exists passed with the following output:
Change Dir: /home/kartik/gazebo_ws/build/CMakeFiles/CMakeTmp

Run Build Command:"/usr/bin/make" "cmTC_566de/fast"
/usr/bin/make -f CMakeFiles/cmTC_566de.dir/build.make CMakeFiles/cmTC_566de.dir/build
make[1]: Entering directory '/home/kartik/gazebo_ws/build/CMakeFiles/CMakeTmp'
Building C object CMakeFiles/cmTC_566de.dir/CheckIncludeFile.c.o
/usr/bin/cc    -o CMakeFiles/cmTC_566de.dir/CheckIncludeFile.c.o   -c /home/kartik/gazebo_ws/build/CMakeFiles/CMakeTmp/CheckIncludeFile.c
Linking C executable cmTC_566de
/usr/bin/cmake -E cmake_link_script CMakeFiles/cmTC_566de.dir/link.txt --verbose=1
/usr/bin/cc      -rdynamic CMakeFiles/cmTC_566de.dir/CheckIncludeFile.c.o  -o cmTC_566de 
make[1]: Leaving directory '/home/kartik/gazebo_ws/build/CMakeFiles/CMakeTmp'


Determining if the drand48 exist passed with the following output:
Change Dir: /home/kartik/gazebo_ws/build/CMakeFiles/CMakeTmp

Run Build Command:"/usr/bin/make" "cmTC_2f408/fast"
/usr/bin/make -f CMakeFiles/cmTC_2f408.dir/build.make CMakeFiles/cmTC_2f408.dir/build
make[1]: Entering directory '/home/kartik/gazebo_ws/build/CMakeFiles/CMakeTmp'
Building C object CMakeFiles/cmTC_2f408.dir/CheckSymbolExists.c.o
/usr/bin/cc    -o CMakeFiles/cmTC_2f408.dir/CheckSymbolExists.c.o   -c /home/kartik/gazebo_ws/build/CMakeFiles/CMakeTmp/CheckSymbolExists.c
Linking C executable cmTC_2f408
/usr/bin/cmake -E cmake_link_script CMakeFiles/cmTC_2f408.dir/link.txt --verbose=1
/usr/bin/cc      -rdynamic CMakeFiles/cmTC_2f408.dir/CheckSymbolExists.c.o  -o cmTC_2f408 
make[1]: Leaving directory '/home/kartik/gazebo_ws/build/CMakeFiles/CMakeTmp'

File /home/kartik/gazebo_ws/build/CMakeFiles/CMakeTmp/CheckSymbolExists.c:
/* */
#include <stdlib.h>

int main(int argc, char** argv)
{
  (void)argv;
#ifndef drand48
  return ((int*)(&drand48))[argc];
#else
  (void)argc;
  return 0;
#endif
}

Performing C++ SOURCE FILE Test COMPILER_SUPPORTS_CXX11 succeeded with the following output:
Change Dir: /home/kartik/gazebo_ws/build/CMakeFiles/CMakeTmp

Run Build Command:"/usr/bin/make" "cmTC_e86c7/fast"
/usr/bin/make -f CMakeFiles/cmTC_e86c7.dir/build.make CMakeFiles/cmTC_e86c7.dir/build
make[1]: Entering directory '/home/kartik/gazebo_ws/build/CMakeFiles/CMakeTmp'
Building CXX object CMakeFiles/cmTC_e86c7.dir/src.cxx.o
/usr/bin/c++    -DCOMPILER_SUPPORTS_CXX11   -std=c++11 -o CMakeFiles/cmTC_e86c7.dir/src.cxx.o -c /home/kartik/gazebo_ws/build/CMakeFiles/CMakeTmp/src.cxx
Linking CXX executable cmTC_e86c7
/usr/bin/cmake -E cmake_link_script CMakeFiles/cmTC_e86c7.dir/link.txt --verbose=1
/usr/bin/c++   -DCOMPILER_SUPPORTS_CXX11    -rdynamic CMakeFiles/cmTC_e86c7.dir/src.cxx.o  -o cmTC_e86c7 
make[1]: Leaving directory '/home/kartik/gazebo_ws/build/CMakeFiles/CMakeTmp'

Source file was:
int main() { return 0; }
Determining if the include file FL/Fl.H exists passed with the following output:
Change Dir: /home/kartik/gazebo_ws/build/CMakeFiles/CMakeTmp

Run Build Command:"/usr/bin/make" "cmTC_c30c9/fast"
/usr/bin/make -f CMakeFiles/cmTC_c30c9.dir/build.make CMakeFiles/cmTC_c30c9.dir/build
make[1]: Entering directory '/home/kartik/gazebo_ws/build/CMakeFiles/CMakeTmp'
Building CXX object CMakeFiles/cmTC_c30c9.dir/CheckIncludeFile.cxx.o
/usr/bin/c++     -o CMakeFiles/cmTC_c30c9.dir/CheckIncludeFile.cxx.o -c /home/kartik/gazebo_ws/build/CMakeFiles/CMakeTmp/CheckIncludeFile.cxx
Linking CXX executable cmTC_c30c9
/usr/bin/cmake -E cmake_link_script CMakeFiles/cmTC_c30c9.dir/link.txt --verbose=1
/usr/bin/c++       -rdynamic CMakeFiles/cmTC_c30c9.dir/CheckIncludeFile.cxx.o  -o cmTC_c30c9 
make[1]: Leaving directory '/home/kartik/gazebo_ws/build/CMakeFiles/CMakeTmp'


Determining if the include file pgm.h exists passed with the following output:
Change Dir: /home/kartik/gazebo_ws/build/CMakeFiles/CMakeTmp

Run Build Command:"/usr/bin/make" "cmTC_ae182/fast"
/usr/bin/make -f CMakeFiles/cmTC_ae182.dir/build.make CMakeFiles/cmTC_ae182.dir/build
make[1]: Entering directory '/home/kartik/gazebo_ws/build/CMakeFiles/CMakeTmp'
Building CXX object CMakeFiles/cmTC_ae182.dir/CheckIncludeFile.cxx.o
/usr/bin/c++     -o CMakeFiles/cmTC_ae182.dir/CheckIncludeFile.cxx.o -c /home/kartik/gazebo_ws/build/CMakeFiles/CMakeTmp/CheckIncludeFile.cxx
Linking CXX executable cmTC_ae182
/usr/bin/cmake -E cmake_link_script CMakeFiles/cmTC_ae182.dir/link.txt --verbose=1
/usr/bin/c++       -rdynamic CMakeFiles/cmTC_ae182.dir/CheckIncludeFile.cxx.o  -o cmTC_ae182 
make[1]: Leaving directory '/home/kartik/gazebo_ws/build/CMakeFiles/CMakeTmp'


Determining if the function XOpenDisplay exists in the /usr/lib/x86_64-linux-gnu/libX11.so;/usr/lib/x86_64-linux-gnu/libXext.so passed with the following output:
Change Dir: /home/kartik/gazebo_ws/build/CMakeFiles/CMakeTmp

Run Build Command:"/usr/bin/make" "cmTC_cece7/fast"
/usr/bin/make -f CMakeFiles/cmTC_cece7.dir/build.make CMakeFiles/cmTC_cece7.dir/build
make[1]: Entering directory '/home/kartik/gazebo_ws/build/CMakeFiles/CMakeTmp'
Building C object CMakeFiles/cmTC_cece7.dir/CheckFunctionExists.c.o
/usr/bin/cc   -DCHECK_FUNCTION_EXISTS=XOpenDisplay   -o CMakeFiles/cmTC_cece7.dir/CheckFunctionExists.c.o   -c /usr/share/cmake-3.10/Modules/CheckFunctionExists.c
Linking C executable cmTC_cece7
/usr/bin/cmake -E cmake_link_script CMakeFiles/cmTC_cece7.dir/link.txt --verbose=1
/usr/bin/cc  -DCHECK_FUNCTION_EXISTS=XOpenDisplay    -rdynamic CMakeFiles/cmTC_cece7.dir/CheckFunctionExists.c.o  -o cmTC_cece7 /usr/lib/x86_64-linux-gnu/libX11.so /usr/lib/x86_64-linux-gnu/libXext.so 
make[1]: Leaving directory '/home/kartik/gazebo_ws/build/CMakeFiles/CMakeTmp'


Determining if the function gethostbyname exists passed with the following output:
Change Dir: /home/kartik/gazebo_ws/build/CMakeFiles/CMakeTmp

Run Build Command:"/usr/bin/make" "cmTC_e2864/fast"
/usr/bin/make -f CMakeFiles/cmTC_e2864.dir/build.make CMakeFiles/cmTC_e2864.dir/build
make[1]: Entering directory '/home/kartik/gazebo_ws/build/CMakeFiles/CMakeTmp'
Building C object CMakeFiles/cmTC_e2864.dir/CheckFunctionExists.c.o
/usr/bin/cc   -DCHECK_FUNCTION_EXISTS=gethostbyname   -o CMakeFiles/cmTC_e2864.dir/CheckFunctionExists.c.o   -c /usr/share/cmake-3.10/Modules/CheckFunctionExists.c
Linking C executable cmTC_e2864
/usr/bin/cmake -E cmake_link_script CMakeFiles/cmTC_e2864.dir/link.txt --verbose=1
/usr/bin/cc  -DCHECK_FUNCTION_EXISTS=gethostbyname    -rdynamic CMakeFiles/cmTC_e2864.dir/CheckFunctionExists.c.o  -o cmTC_e2864 
make[1]: Leaving directory '/home/kartik/gazebo_ws/build/CMakeFiles/CMakeTmp'


Determining if the function connect exists passed with the following output:
Change Dir: /home/kartik/gazebo_ws/build/CMakeFiles/CMakeTmp

Run Build Command:"/usr/bin/make" "cmTC_73f51/fast"
/usr/bin/make -f CMakeFiles/cmTC_73f51.dir/build.make CMakeFiles/cmTC_73f51.dir/build
make[1]: Entering directory '/home/kartik/gazebo_ws/build/CMakeFiles/CMakeTmp'
Building C object CMakeFiles/cmTC_73f51.dir/CheckFunctionExists.c.o
/usr/bin/cc   -DCHECK_FUNCTION_EXISTS=connect   -o CMakeFiles/cmTC_73f51.dir/CheckFunctionExists.c.o   -c /usr/share/cmake-3.10/Modules/CheckFunctionExists.c
Linking C executable cmTC_73f51
/usr/bin/cmake -E cmake_link_script CMakeFiles/cmTC_73f51.dir/link.txt --verbose=1
/usr/bin/cc  -DCHECK_FUNCTION_EXISTS=connect    -rdynamic CMakeFiles/cmTC_73f51.dir/CheckFunctionExists.c.o  -o cmTC_73f51 
make[1]: Leaving directory '/home/kartik/gazebo_ws/build/CMakeFiles/CMakeTmp'


Determining if the function remove exists passed with the following output:
Change Dir: /home/kartik/gazebo_ws/build/CMakeFiles/CMakeTmp

Run Build Command:"/usr/bin/make" "cmTC_ae8b7/fast"
/usr/bin/make -f CMakeFiles/cmTC_ae8b7.dir/build.make CMakeFiles/cmTC_ae8b7.dir/build
make[1]: Entering directory '/home/kartik/gazebo_ws/build/CMakeFiles/CMakeTmp'
Building C object CMakeFiles/cmTC_ae8b7.dir/CheckFunctionExists.c.o
/usr/bin/cc   -DCHECK_FUNCTION_EXISTS=remove   -o CMakeFiles/cmTC_ae8b7.dir/CheckFunctionExists.c.o   -c /usr/share/cmake-3.10/Modules/CheckFunctionExists.c
Linking C executable cmTC_ae8b7
/usr/bin/cmake -E cmake_link_script CMakeFiles/cmTC_ae8b7.dir/link.txt --verbose=1
/usr/bin/cc  -DCHECK_FUNCTION_EXISTS=remove    -rdynamic CMakeFiles/cmTC_ae8b7.dir/CheckFunctionExists.c.o  -o cmTC_ae8b7 
make[1]: Leaving directory '/home/kartik/gazebo_ws/build/CMakeFiles/CMakeTmp'


Determining if the function shmat exists passed with the following output:
Change Dir: /home/kartik/gazebo_ws/build/CMakeFiles/CMakeTmp

Run Build Command:"/usr/bin/make" "cmTC_5a893/fast"
/usr/bin/make -f CMakeFiles/cmTC_5a893.dir/build.make CMakeFiles/cmTC_5a893.dir/build
make[1]: Entering directory '/home/kartik/gazebo_ws/build/CMakeFiles/CMakeTmp'
Building C object CMakeFiles/cmTC_5a893.dir/CheckFunctionExists.c.o
/usr/bin/cc   -DCHECK_FUNCTION_EXISTS=shmat   -o CMakeFiles/cmTC_5a893.dir/CheckFunctionExists.c.o   -c /usr/share/cmake-3.10/Modules/CheckFunctionExists.c
Linking C executable cmTC_5a893
/usr/bin/cmake -E cmake_link_script CMakeFiles/cmTC_5a893.dir/link.txt --verbose=1
/usr/bin/cc  -DCHECK_FUNCTION_EXISTS=shmat    -rdynamic CMakeFiles/cmTC_5a893.dir/CheckFunctionExists.c.o  -o cmTC_5a893 
make[1]: Leaving directory '/home/kartik/gazebo_ws/build/CMakeFiles/CMakeTmp'


Determining if the function IceConnectionNumber exists in the ICE passed with the following output:
Change Dir: /home/kartik/gazebo_ws/build/CMakeFiles/CMakeTmp

Run Build Command:"/usr/bin/make" "cmTC_c4b99/fast"
/usr/bin/make -f CMakeFiles/cmTC_c4b99.dir/build.make CMakeFiles/cmTC_c4b99.dir/build
make[1]: Entering directory '/home/kartik/gazebo_ws/build/CMakeFiles/CMakeTmp'
Building C object CMakeFiles/cmTC_c4b99.dir/CheckFunctionExists.c.o
/usr/bin/cc   -DCHECK_FUNCTION_EXISTS=IceConnectionNumber   -o CMakeFiles/cmTC_c4b99.dir/CheckFunctionExists.c.o   -c /usr/share/cmake-3.10/Modules/CheckFunctionExists.c
Linking C executable cmTC_c4b99
/usr/bin/cmake -E cmake_link_script CMakeFiles/cmTC_c4b99.dir/link.txt --verbose=1
/usr/bin/cc  -DCHECK_FUNCTION_EXISTS=IceConnectionNumber    -rdynamic CMakeFiles/cmTC_c4b99.dir/CheckFunctionExists.c.o  -o cmTC_c4b99 -lICE 
make[1]: Leaving directory '/home/kartik/gazebo_ws/build/CMakeFiles/CMakeTmp'


The target system is: Linux - 4.18.0-25-generic - x86_64
The host system is: Linux - 5.0.0-36-generic - x86_64
Performing C++ SOURCE FILE Test COMPILER_SUPPORTS_CXX11 succeeded with the following output:
Change Dir: /home/kartik/gazebo_ws/build/CMakeFiles/CMakeTmp

Run Build Command:"/usr/bin/make" "cmTC_1a7e5/fast"
make[1]: Entering directory '/home/kartik/gazebo_ws/build/CMakeFiles/CMakeTmp'
/usr/bin/make -f CMakeFiles/cmTC_1a7e5.dir/build.make CMakeFiles/cmTC_1a7e5.dir/build
make[2]: Entering directory '/home/kartik/gazebo_ws/build/CMakeFiles/CMakeTmp'
Building CXX object CMakeFiles/cmTC_1a7e5.dir/src.cxx.o
/usr/bin/c++    -DCOMPILER_SUPPORTS_CXX11   -std=c++11 -o CMakeFiles/cmTC_1a7e5.dir/src.cxx.o -c /home/kartik/gazebo_ws/build/CMakeFiles/CMakeTmp/src.cxx
Linking CXX executable cmTC_1a7e5
/usr/bin/cmake -E cmake_link_script CMakeFiles/cmTC_1a7e5.dir/link.txt --verbose=1
/usr/bin/c++   -DCOMPILER_SUPPORTS_CXX11    -rdynamic CMakeFiles/cmTC_1a7e5.dir/src.cxx.o  -o cmTC_1a7e5 
make[2]: Leaving directory '/home/kartik/gazebo_ws/build/CMakeFiles/CMakeTmp'
make[1]: Leaving directory '/home/kartik/gazebo_ws/build/CMakeFiles/CMakeTmp'

Source file was:
int main() { return 0; }
The target system is: Linux - 4.18.0-25-generic - x86_64
The host system is: Linux - 5.0.0-36-generic - x86_64
Performing C++ SOURCE FILE Test COMPILER_SUPPORTS_CXX11 succeeded with the following output:
Change Dir: /home/kartik/gazebo_ws/build/CMakeFiles/CMakeTmp

Run Build Command:"/usr/bin/make" "cmTC_26298/fast"
/usr/bin/make -f CMakeFiles/cmTC_26298.dir/build.make CMakeFiles/cmTC_26298.dir/build
make[1]: Entering directory '/home/kartik/gazebo_ws/build/CMakeFiles/CMakeTmp'
Building CXX object CMakeFiles/cmTC_26298.dir/src.cxx.o
/usr/bin/c++    -DCOMPILER_SUPPORTS_CXX11   -std=c++11 -o CMakeFiles/cmTC_26298.dir/src.cxx.o -c /home/kartik/gazebo_ws/build/CMakeFiles/CMakeTmp/src.cxx
Linking CXX executable cmTC_26298
/usr/bin/cmake -E cmake_link_script CMakeFiles/cmTC_26298.dir/link.txt --verbose=1
/usr/bin/c++   -DCOMPILER_SUPPORTS_CXX11    -rdynamic CMakeFiles/cmTC_26298.dir/src.cxx.o  -o cmTC_26298 
make[1]: Leaving directory '/home/kartik/gazebo_ws/build/CMakeFiles/CMakeTmp'

Source file was:
int main() { return 0; }
The target system is: Linux - 4.18.0-25-generic - x86_64
The host system is: Linux - 5.0.0-36-generic - x86_64
Performing C++ SOURCE FILE Test COMPILER_SUPPORTS_CXX11 succeeded with the following output:
Change Dir: /home/kartik/gazebo_ws/build/CMakeFiles/CMakeTmp

Run Build Command:"/usr/bin/make" "cmTC_8777f/fast"
/usr/bin/make -f CMakeFiles/cmTC_8777f.dir/build.make CMakeFiles/cmTC_8777f.dir/build
make[1]: Entering directory '/home/kartik/gazebo_ws/build/CMakeFiles/CMakeTmp'
Building CXX object CMakeFiles/cmTC_8777f.dir/src.cxx.o
/usr/bin/c++    -DCOMPILER_SUPPORTS_CXX11   -std=c++11 -o CMakeFiles/cmTC_8777f.dir/src.cxx.o -c /home/kartik/gazebo_ws/build/CMakeFiles/CMakeTmp/src.cxx
Linking CXX executable cmTC_8777f
/usr/bin/cmake -E cmake_link_script CMakeFiles/cmTC_8777f.dir/link.txt --verbose=1
/usr/bin/c++   -DCOMPILER_SUPPORTS_CXX11    -rdynamic CMakeFiles/cmTC_8777f.dir/src.cxx.o  -o cmTC_8777f 
make[1]: Leaving directory '/home/kartik/gazebo_ws/build/CMakeFiles/CMakeTmp'

Source file was:
int main() { return 0; }
The target system is: Linux - 4.18.0-25-generic - x86_64
The host system is: Linux - 5.0.0-36-generic - x86_64
Performing C++ SOURCE FILE Test COMPILER_SUPPORTS_CXX11 succeeded with the following output:
Change Dir: /home/kartik/gazebo_ws/build/CMakeFiles/CMakeTmp

Run Build Command:"/usr/bin/make" "cmTC_c5e51/fast"
/usr/bin/make -f CMakeFiles/cmTC_c5e51.dir/build.make CMakeFiles/cmTC_c5e51.dir/build
make[1]: Entering directory '/home/kartik/gazebo_ws/build/CMakeFiles/CMakeTmp'
Building CXX object CMakeFiles/cmTC_c5e51.dir/src.cxx.o
/usr/bin/c++    -DCOMPILER_SUPPORTS_CXX11   -std=c++11 -o CMakeFiles/cmTC_c5e51.dir/src.cxx.o -c /home/kartik/gazebo_ws/build/CMakeFiles/CMakeTmp/src.cxx
Linking CXX executable cmTC_c5e51
/usr/bin/cmake -E cmake_link_script CMakeFiles/cmTC_c5e51.dir/link.txt --verbose=1
/usr/bin/c++   -DCOMPILER_SUPPORTS_CXX11    -rdynamic CMakeFiles/cmTC_c5e51.dir/src.cxx.o  -o cmTC_c5e51 
make[1]: Leaving directory '/home/kartik/gazebo_ws/build/CMakeFiles/CMakeTmp'

Source file was:
int main() { return 0; }
The target system is: Linux - 4.18.0-25-generic - x86_64
The host system is: Linux - 5.0.0-36-generic - x86_64
Performing C++ SOURCE FILE Test COMPILER_SUPPORTS_CXX11 succeeded with the following output:
Change Dir: /home/kartik/gazebo_ws/build/CMakeFiles/CMakeTmp

Run Build Command:"/usr/bin/make" "cmTC_22e60/fast"
/usr/bin/make -f CMakeFiles/cmTC_22e60.dir/build.make CMakeFiles/cmTC_22e60.dir/build
make[1]: Entering directory '/home/kartik/gazebo_ws/build/CMakeFiles/CMakeTmp'
Building CXX object CMakeFiles/cmTC_22e60.dir/src.cxx.o
/usr/bin/c++    -DCOMPILER_SUPPORTS_CXX11   -std=c++11 -o CMakeFiles/cmTC_22e60.dir/src.cxx.o -c /home/kartik/gazebo_ws/build/CMakeFiles/CMakeTmp/src.cxx
Linking CXX executable cmTC_22e60
/usr/bin/cmake -E cmake_link_script CMakeFiles/cmTC_22e60.dir/link.txt --verbose=1
/usr/bin/c++   -DCOMPILER_SUPPORTS_CXX11    -rdynamic CMakeFiles/cmTC_22e60.dir/src.cxx.o  -o cmTC_22e60 
make[1]: Leaving directory '/home/kartik/gazebo_ws/build/CMakeFiles/CMakeTmp'

Source file was:
int main() { return 0; }
The target system is: Linux - 4.18.0-25-generic - x86_64
The host system is: Linux - 5.0.0-36-generic - x86_64
Performing C++ SOURCE FILE Test COMPILER_SUPPORTS_CXX11 succeeded with the following output:
Change Dir: /home/kartik/gazebo_ws/build/CMakeFiles/CMakeTmp

Run Build Command:"/usr/bin/make" "cmTC_6a5d4/fast"
/usr/bin/make -f CMakeFiles/cmTC_6a5d4.dir/build.make CMakeFiles/cmTC_6a5d4.dir/build
make[1]: Entering directory '/home/kartik/gazebo_ws/build/CMakeFiles/CMakeTmp'
Building CXX object CMakeFiles/cmTC_6a5d4.dir/src.cxx.o
/usr/bin/c++    -DCOMPILER_SUPPORTS_CXX11   -std=c++11 -o CMakeFiles/cmTC_6a5d4.dir/src.cxx.o -c /home/kartik/gazebo_ws/build/CMakeFiles/CMakeTmp/src.cxx
Linking CXX executable cmTC_6a5d4
/usr/bin/cmake -E cmake_link_script CMakeFiles/cmTC_6a5d4.dir/link.txt --verbose=1
/usr/bin/c++   -DCOMPILER_SUPPORTS_CXX11    -rdynamic CMakeFiles/cmTC_6a5d4.dir/src.cxx.o  -o cmTC_6a5d4 
make[1]: Leaving directory '/home/kartik/gazebo_ws/build/CMakeFiles/CMakeTmp'

Source file was:
int main() { return 0; }
